1615057509448	geckodriver	INFO	Listening on 127.0.0.1:53975
1615057509459	mozrunner::runner	INFO	Running command: "/usr/bin/firefox" "--marionette" "-foreground" "-no-remote" "-profile" "/tmp/rust_mozprofileVQGEuH"
console.warn: SearchSettings: "get: No settings file exists, new profile?" (new Error("", "(unknown module)"))
1615057511317	Marionette	INFO	Listening on port 35965
1615057511400	Marionette	WARN	TLS certificate errors will be ignored for this session
console.error: "Error while calling actor 'pagestyle's method 'getApplied'" "node is null"
console.error: "getApplied@resource://devtools/server/actors/page-style.js:571:5\nhandler@resource://devtools/shared/protocol/Actor.js:172:37\nonPacket@resource://devtools/server/devtools-server-connection.js:379:58\nreceiveMessage@resource://devtools/shared/transport/child-transport.js:68:16\n"

(firefox:28514): GLib-GObject-WARNING **: 20:11:51.919: g_object_get_is_valid_property: object class 'GdkX11DeviceCore' has no property named 'device-id'

(firefox:28514): GLib-GObject-WARNING **: 20:16:16.599: g_object_get_is_valid_property: object class 'GdkX11DeviceCore' has no property named 'device-id'

(firefox:28514): GLib-GObject-WARNING **: 20:16:16.626: g_object_get_is_valid_property: object class 'GdkX11DeviceCore' has no property named 'device-id'
1615059397241	Marionette	INFO	Stopped listening on port 35965

###!!! [Parent][RunMessage] Error: Channel closing: too late to send/recv, messages will be lost

1615059398781	geckodriver	INFO	Listening on 127.0.0.1:41739
1615059398785	mozrunner::runner	INFO	Running command: "/usr/bin/firefox" "--marionette" "-foreground" "-no-remote" "-profile" "/tmp/rust_mozprofileYSyb8u"
console.warn: SearchSettings: "get: No settings file exists, new profile?" (new Error("", "(unknown module)"))
1615059400546	Marionette	INFO	Listening on port 34717
1615059400627	Marionette	WARN	TLS certificate errors will be ignored for this session
console.error: "Error while calling actor 'pagestyle's method 'getApplied'" "node is null"
console.error: "getApplied@resource://devtools/server/actors/page-style.js:571:5\nhandler@resource://devtools/shared/protocol/Actor.js:172:37\nonPacket@resource://devtools/server/devtools-server-connection.js:379:58\nreceiveMessage@resource://devtools/shared/transport/child-transport.js:68:16\n"
1615059832922	geckodriver	INFO	Listening on 127.0.0.1:39563
1615059832928	mozrunner::runner	INFO	Running command: "/usr/bin/firefox" "--marionette" "-foreground" "-no-remote" "-profile" "/tmp/rust_mozprofilebdR3oA"
console.warn: SearchSettings: "get: No settings file exists, new profile?" (new Error("", "(unknown module)"))
1615059834421	Marionette	INFO	Listening on port 33083
1615059834454	Marionette	WARN	TLS certificate errors will be ignored for this session
1615059864109	Marionette	INFO	Stopped listening on port 33083

###!!! [Parent][RunMessage] Error: Channel closing: too late to send/recv, messages will be lost

1615059871908	geckodriver	INFO	Listening on 127.0.0.1:52129
1615059871911	mozrunner::runner	INFO	Running command: "/usr/bin/firefox" "--marionette" "-foreground" "-no-remote" "-profile" "/tmp/rust_mozprofilet0LkeU"
console.warn: SearchSettings: "get: No settings file exists, new profile?" (new Error("", "(unknown module)"))
1615059873546	Marionette	INFO	Listening on port 41741
1615059873672	Marionette	WARN	TLS certificate errors will be ignored for this session
1615059878189	Marionette	INFO	Stopped listening on port 41741

###!!! [Parent][RunMessage] Error: Channel closing: too late to send/recv, messages will be lost

1615059889962	geckodriver	INFO	Listening on 127.0.0.1:40345
1615059889969	mozrunner::runner	INFO	Running command: "/usr/bin/firefox" "--marionette" "-foreground" "-no-remote" "-profile" "/tmp/rust_mozprofileDdDwSk"
console.warn: SearchSettings: "get: No settings file exists, new profile?" (new Error("", "(unknown module)"))
1615059891512	Marionette	INFO	Listening on port 33889
1615059891595	Marionette	WARN	TLS certificate errors will be ignored for this session
1615059896411	Marionette	INFO	Stopped listening on port 33889

###!!! [Parent][RunMessage] Error: Channel closing: too late to send/recv, messages will be lost

1615059898208	Marionette	INFO	Stopped listening on port 34717

###!!! [Parent][RunMessage] Error: Channel closing: too late to send/recv, messages will be lost

1615059901171	geckodriver	INFO	Listening on 127.0.0.1:44359
1615059901175	mozrunner::runner	INFO	Running command: "/usr/bin/firefox" "--marionette" "-foreground" "-no-remote" "-profile" "/tmp/rust_mozprofileRIjWQO"
console.warn: SearchSettings: "get: No settings file exists, new profile?" (new Error("", "(unknown module)"))
1615059903085	Marionette	INFO	Listening on port 33291
1615059903195	Marionette	WARN	TLS certificate errors will be ignored for this session
1615059915016	Marionette	INFO	Stopped listening on port 33291

###!!! [Parent][RunMessage] Error: Channel closing: too late to send/recv, messages will be lost

1615059916420	geckodriver	INFO	Listening on 127.0.0.1:41565
1615059916427	mozrunner::runner	INFO	Running command: "/usr/bin/firefox" "--marionette" "-foreground" "-no-remote" "-profile" "/tmp/rust_mozprofile22nibi"
console.warn: SearchSettings: "get: No settings file exists, new profile?" (new Error("", "(unknown module)"))
1615059918251	Marionette	INFO	Listening on port 46517
1615059918349	Marionette	WARN	TLS certificate errors will be ignored for this session
1615139706543	Marionette	INFO	Stopped listening on port 46517

###!!! [Parent][RunMessage] Error: Channel closing: too late to send/recv, messages will be lost

1615298030035	geckodriver	INFO	Listening on 127.0.0.1:45797
1615298030040	mozrunner::runner	INFO	Running command: "/usr/bin/firefox" "--marionette" "-foreground" "-no-remote" "-profile" "/tmp/rust_mozprofileljoBiY"
console.warn: SearchSettings: "get: No settings file exists, new profile?" (new Error("", "(unknown module)"))
1615298031585	Marionette	INFO	Listening on port 42485
1615298031663	Marionette	WARN	TLS certificate errors will be ignored for this session
1615298066755	geckodriver	INFO	Listening on 127.0.0.1:34291
1615298066761	mozrunner::runner	INFO	Running command: "/usr/bin/firefox" "--marionette" "-foreground" "-no-remote" "-profile" "/tmp/rust_mozprofile1OGDaZ"
console.warn: SearchSettings: "get: No settings file exists, new profile?" (new Error("", "(unknown module)"))
1615298068265	Marionette	INFO	Listening on port 37169
1615298068382	Marionette	WARN	TLS certificate errors will be ignored for this session
1615298074007	Marionette	INFO	Stopped listening on port 42485

###!!! [Parent][RunMessage] Error: Channel closing: too late to send/recv, messages will be lost

Exiting due to channel error.
Exiting due to channel error.
Exiting due to channel error.
1615298216946	geckodriver	INFO	Listening on 127.0.0.1:51267
1615298216952	mozrunner::runner	INFO	Running command: "/usr/bin/firefox" "--marionette" "-foreground" "-no-remote" "-profile" "/tmp/rust_mozprofilecxpJuS"
console.warn: SearchSettings: "get: No settings file exists, new profile?" (new Error("", "(unknown module)"))
1615298218542	Marionette	INFO	Listening on port 40815
1615298218573	Marionette	WARN	TLS certificate errors will be ignored for this session
Exiting due to channel error.
Exiting due to channel error.
[GFX1-]: Receive IPC close with reason=AbnormalShutdown
Exiting due to channel error.
1615298239527	geckodriver	INFO	Listening on 127.0.0.1:38223
1615298239534	mozrunner::runner	INFO	Running command: "/usr/bin/firefox" "--marionette" "-foreground" "-no-remote" "-profile" "/tmp/rust_mozprofileZ2DRx5"
console.warn: SearchSettings: "get: No settings file exists, new profile?" (new Error("", "(unknown module)"))
1615298241193	Marionette	INFO	Listening on port 36225
1615298241275	Marionette	WARN	TLS certificate errors will be ignored for this session
console.log: WebExtensions: reset-default-search: No addons in our list are installed.
1615307492459	Marionette	INFO	Stopped listening on port 36225

###!!! [Parent][RunMessage] Error: Channel closing: too late to send/recv, messages will be lost

1615539117198	geckodriver	INFO	Listening on 127.0.0.1:34485
1615539117202	mozrunner::runner	INFO	Running command: "/usr/bin/firefox" "--marionette" "-foreground" "-no-remote" "-profile" "/tmp/rust_mozprofileWeH50Q"
console.warn: SearchSettings: "get: No settings file exists, new profile?" (new Error("", "(unknown module)"))
1615539118892	Marionette	INFO	Listening on port 36919
1615539118931	Marionette	WARN	TLS certificate errors will be ignored for this session
SourceActor threw an exception: Error: Failed to fetch https://ra.co/events/1326673. Code 2152398879.
Stack: onResponse@resource://devtools/shared/DevToolsUtils.js:556:16
onStopRequest@resource://gre/modules/NetUtil.jsm:128:18
Line: 556, column: 16
console.error: (new Error("Failed to fetch https://ra.co/events/1326673. Code 2152398879.", "resource://devtools/shared/DevToolsUtils.js", 556))
JavaScript error: resource://devtools/shared/DevToolsUtils.js, line 556: Error: Failed to fetch https://ra.co/events/1326673. Code 2152398879.
console.log: WebExtensions: reset-default-search: No addons in our list are installed.
1615544743658	Marionette	INFO	Stopped listening on port 36919

###!!! [Parent][RunMessage] Error: Channel closing: too late to send/recv, messages will be lost

1616018553508	geckodriver	INFO	Listening on 127.0.0.1:40557
1616018553512	mozrunner::runner	INFO	Running command: "/usr/bin/firefox" "--marionette" "-foreground" "-no-remote" "-profile" "/tmp/rust_mozprofileZtRxPJ"
console.warn: SearchSettings: "get: No settings file exists, new profile?" (new Error("", "(unknown module)"))
1616018555000	Marionette	INFO	Listening on port 40251
1616018555036	Marionette	WARN	TLS certificate errors will be ignored for this session
1616018578782	Marionette	INFO	Stopped listening on port 40251

###!!! [Parent][RunMessage] Error: Channel closing: too late to send/recv, messages will be lost

1616018599016	geckodriver	INFO	Listening on 127.0.0.1:57795
1616018599020	mozrunner::runner	INFO	Running command: "/usr/bin/firefox" "--marionette" "-foreground" "-no-remote" "-profile" "/tmp/rust_mozprofileGRf7Vh"
console.warn: SearchSettings: "get: No settings file exists, new profile?" (new Error("", "(unknown module)"))
1616018600879	Marionette	INFO	Listening on port 32861
1616018600948	Marionette	WARN	TLS certificate errors will be ignored for this session
1616018660624	Marionette	INFO	Stopped listening on port 32861

###!!! [Parent][RunMessage] Error: Channel closing: too late to send/recv, messages will be lost

1616018697436	geckodriver	INFO	Listening on 127.0.0.1:47247
1616018697441	mozrunner::runner	INFO	Running command: "/usr/bin/firefox" "--marionette" "-foreground" "-no-remote" "-profile" "/tmp/rust_mozprofile2nMnQj"
console.warn: SearchSettings: "get: No settings file exists, new profile?" (new Error("", "(unknown module)"))
1616018699083	Marionette	INFO	Listening on port 46211
1616018699161	Marionette	WARN	TLS certificate errors will be ignored for this session
console.log: WebExtensions: reset-default-search: No addons in our list are installed.
1616019281455	geckodriver	INFO	Listening on 127.0.0.1:32969
1616019281459	mozrunner::runner	INFO	Running command: "/usr/bin/firefox" "--marionette" "-foreground" "-no-remote" "-profile" "/tmp/rust_mozprofilePAY4Kt"
console.warn: SearchSettings: "get: No settings file exists, new profile?" (new Error("", "(unknown module)"))
1616019283272	Marionette	INFO	Listening on port 44645
1616019283380	Marionette	WARN	TLS certificate errors will be ignored for this session
console.log: WebExtensions: reset-default-search: No addons in our list are installed.
1616061825584	Marionette	INFO	Stopped listening on port 44645

###!!! [Parent][RunMessage] Error: Channel closing: too late to send/recv, messages will be lost

1616073590974	Marionette	INFO	Stopped listening on port 46211

###!!! [Parent][RunMessage] Error: Channel closing: too late to send/recv, messages will be lost

1617904745904	geckodriver	INFO	Listening on 127.0.0.1:35419
1617904745911	mozrunner::runner	INFO	Running command: "/usr/bin/firefox" "--marionette" "-foreground" "-no-remote" "-profile" "/tmp/rust_mozprofileCAAQ7h"
console.warn: SearchSettings: "get: No settings file exists, new profile?" (new Error("", "(unknown module)"))
1617904747625	Marionette	INFO	Listening on port 42599
1617904747737	Marionette	WARN	TLS certificate errors will be ignored for this session
JavaScript error: resource:///actors/ContentMetaChild.jsm, line 179: InvalidStateError: JSWindowActorChild.sendAsyncMessage: JSWindowActorChild cannot send at the moment
JavaScript error: resource:///actors/ContentMetaChild.jsm, line 179: InvalidStateError: JSWindowActorChild.sendAsyncMessage: JSWindowActorChild cannot send at the moment
1617904906360	geckodriver	INFO	Listening on 127.0.0.1:32965
1617904906367	mozrunner::runner	INFO	Running command: "/usr/bin/firefox" "--marionette" "-foreground" "-no-remote" "-profile" "/tmp/rust_mozprofile2D32e6"
console.warn: SearchSettings: "get: No settings file exists, new profile?" (new Error("", "(unknown module)"))
1617904908037	Marionette	INFO	Listening on port 45481
1617904908092	Marionette	WARN	TLS certificate errors will be ignored for this session
1617904908739	Marionette	INFO	Stopped listening on port 42599

###!!! [Parent][RunMessage] Error: Channel closing: too late to send/recv, messages will be lost

1617904976448	geckodriver	INFO	Listening on 127.0.0.1:57887
1617904976455	mozrunner::runner	INFO	Running command: "/usr/bin/firefox" "--marionette" "-foreground" "-no-remote" "-profile" "/tmp/rust_mozprofiledlLITe"
console.warn: SearchSettings: "get: No settings file exists, new profile?" (new Error("", "(unknown module)"))
1617904977996	Marionette	INFO	Listening on port 43017
1617904978071	Marionette	WARN	TLS certificate errors will be ignored for this session
1617904982213	Marionette	INFO	Stopped listening on port 45481

###!!! [Parent][RunMessage] Error: Channel closing: too late to send/recv, messages will be lost

1617905076227	geckodriver	INFO	Listening on 127.0.0.1:37617
1617905076233	mozrunner::runner	INFO	Running command: "/usr/bin/firefox" "--marionette" "-foreground" "-no-remote" "-profile" "/tmp/rust_mozprofilepUmTri"
console.warn: SearchSettings: "get: No settings file exists, new profile?" (new Error("", "(unknown module)"))
1617905077985	Marionette	INFO	Listening on port 34401
1617905078056	Marionette	WARN	TLS certificate errors will be ignored for this session
1617905078860	Marionette	INFO	Stopped listening on port 43017

###!!! [Parent][RunMessage] Error: Channel closing: too late to send/recv, messages will be lost

1617905103547	geckodriver	INFO	Listening on 127.0.0.1:48399
1617905103552	mozrunner::runner	INFO	Running command: "/usr/bin/firefox" "--marionette" "-foreground" "-no-remote" "-profile" "/tmp/rust_mozprofilexYj7sx"
console.warn: SearchSettings: "get: No settings file exists, new profile?" (new Error("", "(unknown module)"))
1617905105399	Marionette	INFO	Listening on port 38655
1617905105491	Marionette	WARN	TLS certificate errors will be ignored for this session
1617905106870	Marionette	INFO	Stopped listening on port 34401
1617905150534	geckodriver	INFO	Listening on 127.0.0.1:41201
1617905150540	mozrunner::runner	INFO	Running command: "/usr/bin/firefox" "--marionette" "-foreground" "-no-remote" "-profile" "/tmp/rust_mozprofileKCrieC"
console.warn: SearchSettings: "get: No settings file exists, new profile?" (new Error("", "(unknown module)"))
1617905152323	Marionette	INFO	Listening on port 41359
1617905152359	Marionette	WARN	TLS certificate errors will be ignored for this session
1617905153150	Marionette	INFO	Stopped listening on port 38655
1617905184066	geckodriver	INFO	Listening on 127.0.0.1:37449
1617905184071	mozrunner::runner	INFO	Running command: "/usr/bin/firefox" "--marionette" "-foreground" "-no-remote" "-profile" "/tmp/rust_mozprofileO9j9tE"
console.warn: SearchSettings: "get: No settings file exists, new profile?" (new Error("", "(unknown module)"))
1617905185965	Marionette	INFO	Listening on port 44965
1617905185994	Marionette	WARN	TLS certificate errors will be ignored for this session
Marionette threw an error: TypeError: this.curBrowser.contentBrowser is null
GeckoDriver.prototype.navigateTo@chrome://marionette/content/driver.js:1010:3

1617905190194	Marionette	INFO	Stopped listening on port 44965

###!!! [Parent][RunMessage] Error: Channel closing: too late to send/recv, messages will be lost

1617905192222	geckodriver	INFO	Listening on 127.0.0.1:59921
1617905192229	mozrunner::runner	INFO	Running command: "/usr/bin/firefox" "--marionette" "-foreground" "-no-remote" "-profile" "/tmp/rust_mozprofilePUXrmS"
console.warn: SearchSettings: "get: No settings file exists, new profile?" (new Error("", "(unknown module)"))
1617905193827	Marionette	INFO	Listening on port 33947
1617905193849	Marionette	WARN	TLS certificate errors will be ignored for this session
1617905195126	Marionette	INFO	Stopped listening on port 41359

###!!! [Parent][RunMessage] Error: Channel closing: too late to send/recv, messages will be lost

1617905239103	geckodriver	INFO	Listening on 127.0.0.1:59405
1617905239109	mozrunner::runner	INFO	Running command: "/usr/bin/firefox" "--marionette" "-foreground" "-no-remote" "-profile" "/tmp/rust_mozprofileU0AVAP"
console.warn: SearchSettings: "get: No settings file exists, new profile?" (new Error("", "(unknown module)"))
1617905240895	Marionette	INFO	Listening on port 41465
1617905240931	Marionette	WARN	TLS certificate errors will be ignored for this session
1617905241322	Marionette	INFO	Stopped listening on port 33947

###!!! [Parent][RunMessage] Error: Channel closing: too late to send/recv, messages will be lost

1617905301563	geckodriver	INFO	Listening on 127.0.0.1:57339
1617905301568	mozrunner::runner	INFO	Running command: "/usr/bin/firefox" "--marionette" "-foreground" "-no-remote" "-profile" "/tmp/rust_mozprofileXU0IL5"
console.warn: SearchSettings: "get: No settings file exists, new profile?" (new Error("", "(unknown module)"))
1617905303144	Marionette	INFO	Listening on port 43447
1617905303186	Marionette	WARN	TLS certificate errors will be ignored for this session
1617905304642	Marionette	INFO	Stopped listening on port 41465

###!!! [Parent][RunMessage] Error: Channel closing: too late to send/recv, messages will be lost

console.log: WebExtensions: reset-default-search: No addons in our list are installed.
1620138866855	geckodriver	INFO	Listening on 127.0.0.1:38793
1620138866860	mozrunner::runner	INFO	Running command: "/usr/bin/firefox" "--marionette" "-foreground" "-no-remote" "-profile" "/tmp/rust_mozprofile7RBEyM"
1620138867251	Marionette	INFO	Marionette enabled
console.warn: SearchSettings: "get: No settings file exists, new profile?" (new Error("", "(unknown module)"))
1620138868767	Marionette	INFO	Listening on port 37607
1620138868877	Marionette	WARN	TLS certificate errors will be ignored for this session
1620138914537	geckodriver	INFO	Listening on 127.0.0.1:60199
1620138914542	mozrunner::runner	INFO	Running command: "/usr/bin/firefox" "--marionette" "-foreground" "-no-remote" "-profile" "/tmp/rust_mozprofileSLjN2L"
1620138914906	Marionette	INFO	Marionette enabled
console.warn: SearchSettings: "get: No settings file exists, new profile?" (new Error("", "(unknown module)"))
1620138916237	Marionette	INFO	Listening on port 42135
1620138916314	Marionette	WARN	TLS certificate errors will be ignored for this session
1620138918226	Marionette	INFO	Stopped listening on port 37607

###!!! [Parent][RunMessage] Error: Channel closing: too late to send/recv, messages will be lost

JavaScript error: resource:///actors/ContentMetaChild.jsm, line 179: InvalidStateError: JSWindowActorChild.sendAsyncMessage: JSWindowActorChild cannot send at the moment
1620200138071	Marionette	INFO	Stopped listening on port 42135

###!!! [Parent][RunMessage] Error: Channel closing: too late to send/recv, messages will be lost

1644574356240	geckodriver	INFO	Listening on 127.0.0.1:40179
1644574356246	mozrunner::runner	INFO	Running command: "/usr/bin/firefox" "--marionette" "--remote-debugging-port" "58419" "-no-remote" "-profile" "/tmp/rust_mozprofilekp7W8Q"
ATTENTION: default value of option mesa_glthread overridden by environment.
ATTENTION: default value of option mesa_glthread overridden by environment.
ATTENTION: default value of option mesa_glthread overridden by environment.
ATTENTION: default value of option mesa_glthread overridden by environment.
1644574356879	Marionette	INFO	Marionette enabled
console.warn: SearchSettings: "get: No settings file exists, new profile?" (new NotFoundError("Could not open the file at /tmp/rust_mozprofilekp7W8Q/search.json.mozlz4", (void 0)))
DevTools listening on ws://localhost:58419/devtools/browser/19a45651-852a-4aad-9cc8-28b97171e867
1644574358125	Marionette	INFO	Listening on port 40351
1644574358162	RemoteAgent	WARN	TLS certificate errors will be ignored for this session
JavaScript error: resource://devtools-client-jsonview/lib/require.js, line 170: Error: Script error for: devtools/client/shared/vendor/react-dom
http://requirejs.org/docs/errors.html#scripterror
JavaScript error: resource://devtools-client-jsonview/lib/require.js, line 170: Error: Script error for: devtools/client/shared/react-utils
http://requirejs.org/docs/errors.html#scripterror
JavaScript error: resource://devtools-client-jsonview/lib/require.js, line 170: Error: Script error for: devtools/client/jsonview/components/MainTabbedArea
http://requirejs.org/docs/errors.html#scripterror
JavaScript error: resource://devtools-client-jsonview/lib/require.js, line 170: Error: Script error for: devtools/client/shared/components/tree/TreeView
http://requirejs.org/docs/errors.html#scripterror
JavaScript error: resource://devtools-client-jsonview/lib/require.js, line 170: Error: Script error for: devtools/client/shared/components/reps/reps/rep-utils
http://requirejs.org/docs/errors.html#scripterror
JavaScript error: resource://devtools-client-jsonview/lib/require.js, line 170: Error: Script error for: devtools/client/shared/components/reps/shared/dom-node-constants
http://requirejs.org/docs/errors.html#scripterror
JavaScript error: resource://devtools-client-jsonview/lib/require.js, line 170: Error: Script error for: devtools/client/shared/components/reps/reps/prop-rep
http://requirejs.org/docs/errors.html#scripterror
JavaScript error: resource://devtools-client-jsonview/lib/require.js, line 170: Error: Script error for: json-viewer
http://requirejs.org/docs/errors.html#scripterror
1644579461301	geckodriver	INFO	Listening on 127.0.0.1:57979
1644579461308	mozrunner::runner	INFO	Running command: "/usr/bin/firefox" "--marionette" "--remote-debugging-port" "37285" "-no-remote" "-profile" "/tmp/rust_mozprofileHUw9l3"
ATTENTION: default value of option mesa_glthread overridden by environment.
ATTENTION: default value of option mesa_glthread overridden by environment.
ATTENTION: default value of option mesa_glthread overridden by environment.
ATTENTION: default value of option mesa_glthread overridden by environment.
1644579461891	Marionette	INFO	Marionette enabled
console.warn: SearchSettings: "get: No settings file exists, new profile?" (new NotFoundError("Could not open the file at /tmp/rust_mozprofileHUw9l3/search.json.mozlz4", (void 0)))
DevTools listening on ws://localhost:37285/devtools/browser/33e9c372-c352-494c-9fe0-1cfd8efa50fe
1644579463031	Marionette	INFO	Listening on port 38623
1644579463151	RemoteAgent	WARN	TLS certificate errors will be ignored for this session
1644579463164	Marionette	INFO	Stopped listening on port 38623
console.error: Region.jsm: "Error fetching region" (new TypeError("NetworkError when attempting to fetch resource.", ""))
console.error: Region.jsm: "Failed to fetch region" (new Error("NO_RESULT", "resource://gre/modules/Region.jsm", 419))
1644579635048	geckodriver	INFO	Listening on 127.0.0.1:56965
1644579635058	mozrunner::runner	INFO	Running command: "/usr/bin/firefox" "--marionette" "--remote-debugging-port" "59787" "-no-remote" "-profile" "/tmp/rust_mozprofileBHFAfS"
ATTENTION: default value of option mesa_glthread overridden by environment.
ATTENTION: default value of option mesa_glthread overridden by environment.
ATTENTION: default value of option mesa_glthread overridden by environment.
ATTENTION: default value of option mesa_glthread overridden by environment.
1644579635646	Marionette	INFO	Marionette enabled
console.warn: SearchSettings: "get: No settings file exists, new profile?" (new NotFoundError("Could not open the file at /tmp/rust_mozprofileBHFAfS/search.json.mozlz4", (void 0)))
DevTools listening on ws://localhost:59787/devtools/browser/b9dacd14-5b47-441f-8db7-383b759cbe1a
1644579636672	Marionette	INFO	Listening on port 45695
1644579636772	RemoteAgent	WARN	TLS certificate errors will be ignored for this session
1644579636781	Marionette	INFO	Stopped listening on port 45695
console.error: Region.jsm: "Error fetching region" (new TypeError("NetworkError when attempting to fetch resource.", ""))
console.error: Region.jsm: "Failed to fetch region" (new Error("NO_RESULT", "resource://gre/modules/Region.jsm", 419))

###!!! [Parent][RunMessage] Error: Channel closing: too late to send/recv, messages will be lost

1644579867517	geckodriver	INFO	Listening on 127.0.0.1:57769
1644579867524	mozrunner::runner	INFO	Running command: "/usr/bin/firefox" "--marionette" "--remote-debugging-port" "47473" "-no-remote" "-profile" "/tmp/rust_mozprofileUEDrHv"
ATTENTION: default value of option mesa_glthread overridden by environment.
ATTENTION: default value of option mesa_glthread overridden by environment.
ATTENTION: default value of option mesa_glthread overridden by environment.
ATTENTION: default value of option mesa_glthread overridden by environment.
1644579868117	Marionette	INFO	Marionette enabled
console.warn: SearchSettings: "get: No settings file exists, new profile?" (new NotFoundError("Could not open the file at /tmp/rust_mozprofileUEDrHv/search.json.mozlz4", (void 0)))
DevTools listening on ws://localhost:47473/devtools/browser/c6d84fae-f1bb-4190-8e7d-ba8fd58e0c96
1644579869227	Marionette	INFO	Listening on port 45587
1644579869342	RemoteAgent	WARN	TLS certificate errors will be ignored for this session
1644579869358	Marionette	INFO	Stopped listening on port 45587
console.error: Region.jsm: "Error fetching region" (new TypeError("NetworkError when attempting to fetch resource.", ""))
console.error: Region.jsm: "Failed to fetch region" (new Error("NO_RESULT", "resource://gre/modules/Region.jsm", 419))
1644579878506	geckodriver	INFO	Listening on 127.0.0.1:51587
1644579879019	mozrunner::runner	INFO	Running command: "/usr/bin/firefox" "--marionette" "--remote-debugging-port" "40957" "-no-remote" "-profile" "/tmp/rust_mozprofileCZ8wbn"
ATTENTION: default value of option mesa_glthread overridden by environment.
ATTENTION: default value of option mesa_glthread overridden by environment.
ATTENTION: default value of option mesa_glthread overridden by environment.
ATTENTION: default value of option mesa_glthread overridden by environment.
1644579879798	Marionette	INFO	Marionette enabled
console.warn: SearchSettings: "get: No settings file exists, new profile?" (new NotFoundError("Could not open the file at /tmp/rust_mozprofileCZ8wbn/search.json.mozlz4", (void 0)))
DevTools listening on ws://localhost:40957/devtools/browser/7cd8c724-40cb-40e0-bc02-559fbfca80b8
1644579880970	Marionette	INFO	Listening on port 34937
1644579881506	RemoteAgent	WARN	TLS certificate errors will be ignored for this session
1644579881533	Marionette	INFO	Stopped listening on port 34937
console.warn: services.settings: main/query-stripping sync interrupted by shutdown
console.warn: TopSitesFeed: Failed to fetch data from Contile server: NetworkError when attempting to fetch resource.
console.error: Region.jsm: "Error fetching region" (new TypeError("NetworkError when attempting to fetch resource.", ""))
console.error: Region.jsm: "Failed to fetch region" (new Error("NO_RESULT", "resource://gre/modules/Region.jsm", 419))
1644579949842	geckodriver	INFO	Listening on 127.0.0.1:35691
1644579950353	mozrunner::runner	INFO	Running command: "/usr/bin/firefox" "--marionette" "--headless" "--remote-debugging-port" "34443" "-no-remote" "-profile" "/tmp/rust_mozprofileDxdWzK"
*** You are running in headless mode.
1644579950815	Marionette	INFO	Marionette enabled
[GFX1-]: RenderCompositorSWGL failed mapping default framebuffer, no dt
console.warn: SearchSettings: "get: No settings file exists, new profile?" (new NotFoundError("Could not open the file at /tmp/rust_mozprofileDxdWzK/search.json.mozlz4", (void 0)))
DevTools listening on ws://localhost:34443/devtools/browser/f9d181fe-3973-49c2-8ce5-21cd5919d8c4
1644579951823	Marionette	INFO	Listening on port 42211
1644579951870	RemoteAgent	WARN	TLS certificate errors will be ignored for this session
1644579951879	Marionette	INFO	Stopped listening on port 42211
console.error: Region.jsm: "Error fetching region" (new TypeError("NetworkError when attempting to fetch resource.", ""))
console.error: Region.jsm: "Failed to fetch region" (new Error("NO_RESULT", "resource://gre/modules/Region.jsm", 419))

###!!! [Parent][RunMessage] Error: Channel closing: too late to send/recv, messages will be lost

1644579988150	geckodriver	INFO	Listening on 127.0.0.1:53647
1644579988154	mozrunner::runner	INFO	Running command: "/usr/bin/firefox" "--marionette" "--remote-debugging-port" "43913" "-no-remote" "-profile" "/tmp/rust_mozprofilebBHzfH"
ATTENTION: default value of option mesa_glthread overridden by environment.
ATTENTION: default value of option mesa_glthread overridden by environment.
ATTENTION: default value of option mesa_glthread overridden by environment.
ATTENTION: default value of option mesa_glthread overridden by environment.
1644579988945	Marionette	INFO	Marionette enabled
console.warn: SearchSettings: "get: No settings file exists, new profile?" (new NotFoundError("Could not open the file at /tmp/rust_mozprofilebBHzfH/search.json.mozlz4", (void 0)))
DevTools listening on ws://localhost:43913/devtools/browser/3b08505e-c993-4c60-be5b-a6cd78bc5f57
1644579990305	Marionette	INFO	Listening on port 43623
1644579990646	RemoteAgent	WARN	TLS certificate errors will be ignored for this session
1644579990669	Marionette	INFO	Stopped listening on port 43623
console.warn: services.settings: main/query-stripping sync interrupted by shutdown
console.warn: TopSitesFeed: Failed to fetch data from Contile server: NetworkError when attempting to fetch resource.
console.error: Region.jsm: "Error fetching region" (new TypeError("NetworkError when attempting to fetch resource.", ""))
console.error: Region.jsm: "Failed to fetch region" (new Error("NO_RESULT", "resource://gre/modules/Region.jsm", 419))
1644580785920	geckodriver	INFO	Listening on 127.0.0.1:33029
1644580785923	mozrunner::runner	INFO	Running command: "/usr/bin/firefox" "--marionette" "--remote-debugging-port" "52199" "-no-remote" "-profile" "/tmp/rust_mozprofilef3YpKO"
ATTENTION: default value of option mesa_glthread overridden by environment.
ATTENTION: default value of option mesa_glthread overridden by environment.
ATTENTION: default value of option mesa_glthread overridden by environment.
ATTENTION: default value of option mesa_glthread overridden by environment.
1644580786661	Marionette	INFO	Marionette enabled
console.warn: SearchSettings: "get: No settings file exists, new profile?" (new NotFoundError("Could not open the file at /tmp/rust_mozprofilef3YpKO/search.json.mozlz4", (void 0)))
DevTools listening on ws://localhost:52199/devtools/browser/174d6441-f034-40bc-bd6b-30b897c7da0d
1644580787854	Marionette	INFO	Listening on port 42867
1644580787937	RemoteAgent	WARN	TLS certificate errors will be ignored for this session
1644580805746	geckodriver	INFO	Listening on 127.0.0.1:50467
1644580805750	mozrunner::runner	INFO	Running command: "/usr/bin/firefox" "--marionette" "--remote-debugging-port" "56725" "-no-remote" "-profile" "/tmp/rust_mozprofilexKPB4I"
ATTENTION: default value of option mesa_glthread overridden by environment.
ATTENTION: default value of option mesa_glthread overridden by environment.
ATTENTION: default value of option mesa_glthread overridden by environment.
ATTENTION: default value of option mesa_glthread overridden by environment.
1644580806541	Marionette	INFO	Marionette enabled
console.warn: SearchSettings: "get: No settings file exists, new profile?" (new NotFoundError("Could not open the file at /tmp/rust_mozprofilexKPB4I/search.json.mozlz4", (void 0)))
DevTools listening on ws://localhost:56725/devtools/browser/a04112c3-53a3-45db-a005-8e849ce03bf8
1644580807720	Marionette	INFO	Listening on port 44985
1644580807766	RemoteAgent	WARN	TLS certificate errors will be ignored for this session
1644580826486	geckodriver	INFO	Listening on 127.0.0.1:41207
1644580826490	mozrunner::runner	INFO	Running command: "/usr/bin/firefox" "--marionette" "--remote-debugging-port" "45471" "-no-remote" "-profile" "/tmp/rust_mozprofileeArG9w"
ATTENTION: default value of option mesa_glthread overridden by environment.
ATTENTION: default value of option mesa_glthread overridden by environment.
ATTENTION: default value of option mesa_glthread overridden by environment.
ATTENTION: default value of option mesa_glthread overridden by environment.
1644580827282	Marionette	INFO	Marionette enabled
console.warn: SearchSettings: "get: No settings file exists, new profile?" (new NotFoundError("Could not open the file at /tmp/rust_mozprofileeArG9w/search.json.mozlz4", (void 0)))
DevTools listening on ws://localhost:45471/devtools/browser/b043fd03-4ba5-4bab-aa7a-0868396b9855
1644580828541	Marionette	INFO	Listening on port 45021
1644580828939	RemoteAgent	WARN	TLS certificate errors will be ignored for this session
1644580889303	geckodriver	INFO	Listening on 127.0.0.1:44707
1644580889305	mozrunner::runner	INFO	Running command: "/usr/bin/firefox" "--marionette" "--remote-debugging-port" "51845" "-no-remote" "-profile" "/tmp/rust_mozprofileBa88Go"
ATTENTION: default value of option mesa_glthread overridden by environment.
ATTENTION: default value of option mesa_glthread overridden by environment.
ATTENTION: default value of option mesa_glthread overridden by environment.
ATTENTION: default value of option mesa_glthread overridden by environment.
1644580890026	Marionette	INFO	Marionette enabled
console.warn: SearchSettings: "get: No settings file exists, new profile?" (new NotFoundError("Could not open the file at /tmp/rust_mozprofileBa88Go/search.json.mozlz4", (void 0)))
DevTools listening on ws://localhost:51845/devtools/browser/cc5fc1c9-d6a7-456d-b2c6-c76aeefcc645
1644580891240	Marionette	INFO	Listening on port 45167
1644580891319	RemoteAgent	WARN	TLS certificate errors will be ignored for this session
1644580926240	geckodriver	INFO	Listening on 127.0.0.1:58399
1644580926244	mozrunner::runner	INFO	Running command: "/usr/bin/firefox" "--marionette" "--remote-debugging-port" "36391" "-no-remote" "-profile" "/tmp/rust_mozprofilerPmBlw"
ATTENTION: default value of option mesa_glthread overridden by environment.
ATTENTION: default value of option mesa_glthread overridden by environment.
ATTENTION: default value of option mesa_glthread overridden by environment.
ATTENTION: default value of option mesa_glthread overridden by environment.
1644580926998	Marionette	INFO	Marionette enabled
console.warn: SearchSettings: "get: No settings file exists, new profile?" (new NotFoundError("Could not open the file at /tmp/rust_mozprofilerPmBlw/search.json.mozlz4", (void 0)))
DevTools listening on ws://localhost:36391/devtools/browser/6be56291-64e1-47ca-86cc-39461f152d70
1644580928188	Marionette	INFO	Listening on port 46791
1644580928258	RemoteAgent	WARN	TLS certificate errors will be ignored for this session
1644580985993	geckodriver	INFO	Listening on 127.0.0.1:38765
1644580985999	mozrunner::runner	INFO	Running command: "/usr/bin/firefox" "--marionette" "--remote-debugging-port" "49497" "-no-remote" "-profile" "/tmp/rust_mozprofileYgMAGm"
ATTENTION: default value of option mesa_glthread overridden by environment.
ATTENTION: default value of option mesa_glthread overridden by environment.
ATTENTION: default value of option mesa_glthread overridden by environment.
ATTENTION: default value of option mesa_glthread overridden by environment.
1644580986737	Marionette	INFO	Marionette enabled
console.warn: SearchSettings: "get: No settings file exists, new profile?" (new NotFoundError("Could not open the file at /tmp/rust_mozprofileYgMAGm/search.json.mozlz4", (void 0)))
DevTools listening on ws://localhost:49497/devtools/browser/c6823a25-8196-43ac-89fd-c35925779414
1644580987790	Marionette	INFO	Listening on port 43783
1644580987817	RemoteAgent	WARN	TLS certificate errors will be ignored for this session
1644581064711	geckodriver	INFO	Listening on 127.0.0.1:59515
1644581064715	mozrunner::runner	INFO	Running command: "/usr/bin/firefox" "--marionette" "--remote-debugging-port" "60833" "-no-remote" "-profile" "/tmp/rust_mozprofilebsRIRm"
ATTENTION: default value of option mesa_glthread overridden by environment.
ATTENTION: default value of option mesa_glthread overridden by environment.
ATTENTION: default value of option mesa_glthread overridden by environment.
ATTENTION: default value of option mesa_glthread overridden by environment.
1644581065511	Marionette	INFO	Marionette enabled
console.warn: SearchSettings: "get: No settings file exists, new profile?" (new NotFoundError("Could not open the file at /tmp/rust_mozprofilebsRIRm/search.json.mozlz4", (void 0)))
DevTools listening on ws://localhost:60833/devtools/browser/734e0e15-83af-40a2-88fb-b140a5162c65
1644581066664	Marionette	INFO	Listening on port 41513
1644581066731	RemoteAgent	WARN	TLS certificate errors will be ignored for this session
1644581067151	Marionette	INFO	Stopped listening on port 41513
1644581153882	geckodriver	INFO	Listening on 127.0.0.1:44999
1644581153887	mozrunner::runner	INFO	Running command: "/usr/bin/firefox" "--marionette" "--headless" "--remote-debugging-port" "51513" "-no-remote" "-profile" "/tmp/rust_mozprofilePN3YZp"
*** You are running in headless mode.
1644581154284	Marionette	INFO	Marionette enabled
[GFX1-]: RenderCompositorSWGL failed mapping default framebuffer, no dt
console.warn: SearchSettings: "get: No settings file exists, new profile?" (new NotFoundError("Could not open the file at /tmp/rust_mozprofilePN3YZp/search.json.mozlz4", (void 0)))
DevTools listening on ws://localhost:51513/devtools/browser/a0cf4d4e-2de2-437d-a16b-ae6bc5433f25
1644581155286	Marionette	INFO	Listening on port 46321
1644581155306	RemoteAgent	WARN	TLS certificate errors will be ignored for this session
1644581171035	geckodriver	INFO	Listening on 127.0.0.1:38865
1644581171039	mozrunner::runner	INFO	Running command: "/usr/bin/firefox" "--marionette" "--headless" "--remote-debugging-port" "41643" "-no-remote" "-profile" "/tmp/rust_mozprofilemKTQT3"
*** You are running in headless mode.
1644581171416	Marionette	INFO	Marionette enabled
[GFX1-]: RenderCompositorSWGL failed mapping default framebuffer, no dt
console.warn: SearchSettings: "get: No settings file exists, new profile?" (new NotFoundError("Could not open the file at /tmp/rust_mozprofilemKTQT3/search.json.mozlz4", (void 0)))
DevTools listening on ws://localhost:41643/devtools/browser/67219568-c7bc-42f8-a058-91bda817e132
1644581172398	Marionette	INFO	Listening on port 34153
1644581172460	RemoteAgent	WARN	TLS certificate errors will be ignored for this session
1644581238429	geckodriver	INFO	Listening on 127.0.0.1:56147
1644581238433	mozrunner::runner	INFO	Running command: "/usr/bin/firefox" "--marionette" "--headless" "--remote-debugging-port" "38343" "-no-remote" "-profile" "/tmp/rust_mozprofileXLxku4"
*** You are running in headless mode.
1644581238784	Marionette	INFO	Marionette enabled
[GFX1-]: RenderCompositorSWGL failed mapping default framebuffer, no dt
console.warn: SearchSettings: "get: No settings file exists, new profile?" (new NotFoundError("Could not open the file at /tmp/rust_mozprofileXLxku4/search.json.mozlz4", (void 0)))
DevTools listening on ws://localhost:38343/devtools/browser/a6c48450-280b-4931-a97f-137e18cda694
1644581239789	Marionette	INFO	Listening on port 36277
1644581239850	RemoteAgent	WARN	TLS certificate errors will be ignored for this session
JavaScript error: resource://devtools-client-jsonview/lib/require.js, line 170: Error: Script error for: devtools/client/shared/components/reps/reps/rep-utils
http://requirejs.org/docs/errors.html#scripterror
JavaScript error: resource://devtools-client-jsonview/lib/require.js, line 170: Error: Script error for: devtools/client/shared/components/reps/shared/dom-node-constants
http://requirejs.org/docs/errors.html#scripterror
JavaScript error: resource://devtools-client-jsonview/lib/require.js, line 170: Error: Script error for: devtools/client/shared/components/reps/reps/prop-rep
http://requirejs.org/docs/errors.html#scripterror
JavaScript error: resource://devtools-client-jsonview/lib/require.js, line 170: Error: Script error for: devtools/client/shared/components/tree/TreeCell
http://requirejs.org/docs/errors.html#scripterror
JavaScript error: resource://devtools-client-jsonview/lib/require.js, line 170: Error: Script error for: devtools/client/shared/components/tree/LabelCell
http://requirejs.org/docs/errors.html#scripterror
JavaScript error: resource://devtools-client-jsonview/lib/require.js, line 170: Error: Script error for: devtools/client/shared/focus
http://requirejs.org/docs/errors.html#scripterror
JavaScript error: resource://devtools-client-jsonview/lib/require.js, line 170: Error: Script error for: devtools/client/shared/components/reps/reps/undefined
http://requirejs.org/docs/errors.html#scripterror
JavaScript error: resource://devtools-client-jsonview/lib/require.js, line 170: Error: Script error for: devtools/client/shared/components/reps/reps/null
http://requirejs.org/docs/errors.html#scripterror
JavaScript error: resource://devtools-client-jsonview/lib/require.js, line 170: Error: Script error for: devtools/client/shared/components/reps/reps/string
http://requirejs.org/docs/errors.html#scripterror
JavaScript error: resource://devtools-client-jsonview/lib/require.js, line 170: Error: Script error for: devtools/client/shared/components/reps/reps/number
http://requirejs.org/docs/errors.html#scripterror
JavaScript error: resource://devtools-client-jsonview/lib/require.js, line 170: Error: Script error for: devtools/client/shared/components/reps/reps/array
http://requirejs.org/docs/errors.html#scripterror
JavaScript error: resource://devtools-client-jsonview/lib/require.js, line 170: Error: Script error for: devtools/client/shared/components/reps/reps/object
http://requirejs.org/docs/errors.html#scripterror
JavaScript error: resource://devtools-client-jsonview/lib/require.js, line 170: Error: Script error for: devtools/client/shared/components/reps/reps/symbol
http://requirejs.org/docs/errors.html#scripterror
JavaScript error: resource://devtools-client-jsonview/lib/require.js, line 170: Error: Script error for: devtools/client/shared/components/reps/reps/infinity
http://requirejs.org/docs/errors.html#scripterror
JavaScript error: resource://devtools-client-jsonview/lib/require.js, line 170: Error: Script error for: devtools/client/shared/components/reps/reps/nan
http://requirejs.org/docs/errors.html#scripterror
JavaScript error: resource://devtools-client-jsonview/lib/require.js, line 170: Error: Script error for: devtools/client/shared/components/reps/reps/accessor
http://requirejs.org/docs/errors.html#scripterror
JavaScript error: resource://devtools-client-jsonview/lib/require.js, line 170: Error: Script error for: devtools/client/shared/components/reps/reps/accessible
http://requirejs.org/docs/errors.html#scripterror
JavaScript error: resource://devtools-client-jsonview/lib/require.js, line 170: Error: Script error for: devtools/client/shared/components/reps/reps/attribute
http://requirejs.org/docs/errors.html#scripterror
JavaScript error: resource://devtools-client-jsonview/lib/require.js, line 170: Error: Script error for: devtools/client/shared/components/reps/reps/big-int
http://requirejs.org/docs/errors.html#scripterror
JavaScript error: resource://devtools-client-jsonview/lib/require.js, line 170: Error: Script error for: devtools/client/shared/components/reps/reps/date-time
http://requirejs.org/docs/errors.html#scripterror
JavaScript error: resource://devtools-client-jsonview/lib/require.js, line 170: Error: Script error for: devtools/client/shared/components/reps/reps/document
http://requirejs.org/docs/errors.html#scripterror
JavaScript error: resource://devtools-client-jsonview/lib/require.js, line 170: Error: Script error for: devtools/client/shared/components/reps/reps/document-type
http://requirejs.org/docs/errors.html#scripterror
JavaScript error: resource://devtools-client-jsonview/lib/require.js, line 170: Error: Script error for: devtools/client/shared/components/reps/reps/event
http://requirejs.org/docs/errors.html#scripterror
JavaScript error: resource://devtools-client-jsonview/lib/require.js, line 170: Error: Script error for: devtools/client/shared/components/reps/reps/function
http://requirejs.org/docs/errors.html#scripterror
JavaScript error: resource://devtools-client-jsonview/lib/require.js, line 170: Error: Script error for: devtools/client/shared/components/reps/reps/promise
http://requirejs.org/docs/errors.html#scripterror
JavaScript error: resource://devtools-client-jsonview/lib/require.js, line 170: Error: Script error for: devtools/client/shared/components/reps/reps/regexp
http://requirejs.org/docs/errors.html#scripterror
JavaScript error: resource://devtools-client-jsonview/lib/require.js, line 170: Error: Script error for: devtools/client/shared/components/reps/reps/stylesheet
http://requirejs.org/docs/errors.html#scripterror
JavaScript error: resource://devtools-client-jsonview/lib/require.js, line 170: Error: Script error for: devtools/client/shared/components/reps/reps/comment-node
http://requirejs.org/docs/errors.html#scripterror
JavaScript error: resource://devtools-client-jsonview/lib/require.js, line 170: Error: Script error for: devtools/client/shared/components/reps/reps/element-node
http://requirejs.org/docs/errors.html#scripterror
JavaScript error: resource://devtools-client-jsonview/lib/require.js, line 170: Error: Script error for: devtools/client/shared/components/reps/reps/text-node
http://requirejs.org/docs/errors.html#scripterror
JavaScript error: resource://devtools-client-jsonview/lib/require.js, line 170: Error: Script error for: devtools/client/shared/components/reps/reps/error
http://requirejs.org/docs/errors.html#scripterror
JavaScript error: resource://devtools-client-jsonview/lib/require.js, line 170: Error: Script error for: devtools/client/shared/components/reps/reps/window
http://requirejs.org/docs/errors.html#scripterror
JavaScript error: resource://devtools-client-jsonview/lib/require.js, line 170: Error: Script error for: devtools/client/shared/components/reps/reps/object-with-text
http://requirejs.org/docs/errors.html#scripterror
JavaScript error: resource://devtools-client-jsonview/lib/require.js, line 170: Error: Script error for: devtools/client/shared/components/reps/reps/object-with-url
http://requirejs.org/docs/errors.html#scripterror
JavaScript error: resource://devtools-client-jsonview/lib/require.js, line 170: Error: Script error for: devtools/client/shared/components/reps/reps/grip-array
http://requirejs.org/docs/errors.html#scripterror
JavaScript error: resource://devtools-client-jsonview/lib/require.js, line 170: Error: Script error for: devtools/client/shared/components/reps/reps/grip-map
http://requirejs.org/docs/errors.html#scripterror
JavaScript error: resource://devtools-client-jsonview/lib/require.js, line 170: Error: Script error for: devtools/client/shared/components/reps/reps/grip-map-entry
http://requirejs.org/docs/errors.html#scripterror
JavaScript error: resource://devtools-client-jsonview/lib/require.js, line 170: Error: Script error for: devtools/client/shared/components/reps/reps/grip
http://requirejs.org/docs/errors.html#scripterror
1644581826497	Marionette	INFO	Stopped listening on port 36277

###!!! [Parent][RunMessage] Error: Channel closing: too late to send/recv, messages will be lost

1644581857920	geckodriver	INFO	Listening on 127.0.0.1:49915
1644581857923	mozrunner::runner	INFO	Running command: "/usr/bin/firefox" "--marionette" "--headless" "--remote-debugging-port" "39963" "-no-remote" "-profile" "/tmp/rust_mozprofileB6UBGC"
*** You are running in headless mode.
1644581858453	Marionette	INFO	Marionette enabled
[GFX1-]: RenderCompositorSWGL failed mapping default framebuffer, no dt
console.warn: SearchSettings: "get: No settings file exists, new profile?" (new NotFoundError("Could not open the file at /tmp/rust_mozprofileB6UBGC/search.json.mozlz4", (void 0)))
DevTools listening on ws://localhost:39963/devtools/browser/f0a403f0-470e-47e7-bae2-05b4e44ce83b
1644581859680	Marionette	INFO	Listening on port 36229
1644581859739	RemoteAgent	WARN	TLS certificate errors will be ignored for this session
JavaScript error: resource://devtools-client-jsonview/lib/require.js, line 170: Error: Script error for: devtools/client/shared/components/reps/reps/rep-utils
http://requirejs.org/docs/errors.html#scripterror
JavaScript error: resource://devtools-client-jsonview/lib/require.js, line 170: Error: Script error for: devtools/client/shared/components/reps/shared/dom-node-constants
http://requirejs.org/docs/errors.html#scripterror
JavaScript error: resource://devtools-client-jsonview/lib/require.js, line 170: Error: Script error for: devtools/client/shared/components/reps/reps/prop-rep
http://requirejs.org/docs/errors.html#scripterror
JavaScript error: resource://devtools-client-jsonview/lib/require.js, line 170: Error: Script error for: devtools/client/shared/components/reps/shared/grip-length-bubble
http://requirejs.org/docs/errors.html#scripterror
JavaScript error: resource://devtools-client-jsonview/lib/require.js, line 170: Error: Script error for: devtools/client/shared/components/tree/TreeCell
http://requirejs.org/docs/errors.html#scripterror
JavaScript error: resource://devtools-client-jsonview/lib/require.js, line 170: Error: Script error for: devtools/client/shared/components/tree/LabelCell
http://requirejs.org/docs/errors.html#scripterror
JavaScript error: resource://devtools-client-jsonview/lib/require.js, line 170: Error: Script error for: devtools/client/shared/focus
http://requirejs.org/docs/errors.html#scripterror
JavaScript error: resource://devtools-client-jsonview/lib/require.js, line 170: Error: Script error for: devtools/client/shared/components/reps/reps/null
http://requirejs.org/docs/errors.html#scripterror
JavaScript error: resource://devtools-client-jsonview/lib/require.js, line 170: Error: Script error for: devtools/client/shared/components/reps/reps/string
http://requirejs.org/docs/errors.html#scripterror
JavaScript error: resource://devtools-client-jsonview/lib/require.js, line 170: Error: Script error for: devtools/client/shared/components/reps/reps/undefined
http://requirejs.org/docs/errors.html#scripterror
JavaScript error: resource://devtools-client-jsonview/lib/require.js, line 170: Error: Script error for: devtools/client/shared/components/reps/reps/number
http://requirejs.org/docs/errors.html#scripterror
JavaScript error: resource://devtools-client-jsonview/lib/require.js, line 170: Error: Script error for: devtools/client/shared/components/reps/reps/array
http://requirejs.org/docs/errors.html#scripterror
JavaScript error: resource://devtools-client-jsonview/lib/require.js, line 170: Error: Script error for: devtools/client/shared/components/reps/reps/symbol
http://requirejs.org/docs/errors.html#scripterror
JavaScript error: resource://devtools-client-jsonview/lib/require.js, line 170: Error: Script error for: devtools/client/shared/components/reps/reps/object
http://requirejs.org/docs/errors.html#scripterror
JavaScript error: resource://devtools-client-jsonview/lib/require.js, line 170: Error: Script error for: devtools/client/shared/components/reps/reps/infinity
http://requirejs.org/docs/errors.html#scripterror
JavaScript error: resource://devtools-client-jsonview/lib/require.js, line 170: Error: Script error for: devtools/client/shared/components/reps/reps/nan
http://requirejs.org/docs/errors.html#scripterror
JavaScript error: resource://devtools-client-jsonview/lib/require.js, line 170: Error: Script error for: devtools/client/shared/components/reps/reps/accessor
http://requirejs.org/docs/errors.html#scripterror
JavaScript error: resource://devtools-client-jsonview/lib/require.js, line 170: Error: Script error for: devtools/client/shared/components/reps/reps/accessible
http://requirejs.org/docs/errors.html#scripterror
JavaScript error: resource://devtools-client-jsonview/lib/require.js, line 170: Error: Script error for: devtools/client/shared/components/reps/reps/attribute
http://requirejs.org/docs/errors.html#scripterror
JavaScript error: resource://devtools-client-jsonview/lib/require.js, line 170: Error: Script error for: devtools/client/shared/components/reps/reps/big-int
http://requirejs.org/docs/errors.html#scripterror
JavaScript error: resource://devtools-client-jsonview/lib/require.js, line 170: Error: Script error for: devtools/client/shared/components/reps/reps/date-time
http://requirejs.org/docs/errors.html#scripterror
JavaScript error: resource://devtools-client-jsonview/lib/require.js, line 170: Error: Script error for: devtools/client/shared/components/reps/reps/document
http://requirejs.org/docs/errors.html#scripterror
JavaScript error: resource://devtools-client-jsonview/lib/require.js, line 170: Error: Script error for: devtools/client/shared/components/reps/reps/document-type
http://requirejs.org/docs/errors.html#scripterror
JavaScript error: resource://devtools-client-jsonview/lib/require.js, line 170: Error: Script error for: devtools/client/shared/components/reps/reps/event
http://requirejs.org/docs/errors.html#scripterror
JavaScript error: resource://devtools-client-jsonview/lib/require.js, line 170: Error: Script error for: devtools/client/shared/components/reps/reps/function
http://requirejs.org/docs/errors.html#scripterror
JavaScript error: resource://devtools-client-jsonview/lib/require.js, line 170: Error: Script error for: devtools/client/shared/components/reps/reps/promise
http://requirejs.org/docs/errors.html#scripterror
JavaScript error: resource://devtools-client-jsonview/lib/require.js, line 170: Error: Script error for: devtools/client/shared/components/reps/reps/regexp
http://requirejs.org/docs/errors.html#scripterror
JavaScript error: resource://devtools-client-jsonview/lib/require.js, line 170: Error: Script error for: devtools/client/shared/components/reps/reps/stylesheet
http://requirejs.org/docs/errors.html#scripterror
JavaScript error: resource://devtools-client-jsonview/lib/require.js, line 170: Error: Script error for: devtools/client/shared/components/reps/reps/comment-node
http://requirejs.org/docs/errors.html#scripterror
JavaScript error: resource://devtools-client-jsonview/lib/require.js, line 170: Error: Script error for: devtools/client/shared/components/reps/reps/element-node
http://requirejs.org/docs/errors.html#scripterror
JavaScript error: resource://devtools-client-jsonview/lib/require.js, line 170: Error: Script error for: devtools/client/shared/components/reps/reps/text-node
http://requirejs.org/docs/errors.html#scripterror
JavaScript error: resource://devtools-client-jsonview/lib/require.js, line 170: Error: Script error for: devtools/client/shared/components/reps/reps/error
http://requirejs.org/docs/errors.html#scripterror
JavaScript error: resource://devtools-client-jsonview/lib/require.js, line 170: Error: Script error for: devtools/client/shared/components/reps/reps/window
http://requirejs.org/docs/errors.html#scripterror
JavaScript error: resource://devtools-client-jsonview/lib/require.js, line 170: Error: Script error for: devtools/client/shared/components/reps/reps/object-with-text
http://requirejs.org/docs/errors.html#scripterror
JavaScript error: resource://devtools-client-jsonview/lib/require.js, line 170: Error: Script error for: devtools/client/shared/components/reps/reps/object-with-url
http://requirejs.org/docs/errors.html#scripterror
JavaScript error: resource://devtools-client-jsonview/lib/require.js, line 170: Error: Script error for: devtools/client/shared/components/reps/reps/grip-array
http://requirejs.org/docs/errors.html#scripterror
JavaScript error: resource://devtools-client-jsonview/lib/require.js, line 170: Error: Script error for: devtools/client/shared/components/reps/reps/grip-map
http://requirejs.org/docs/errors.html#scripterror
JavaScript error: resource://devtools-client-jsonview/lib/require.js, line 170: Error: Script error for: devtools/client/shared/components/reps/reps/grip-map-entry
http://requirejs.org/docs/errors.html#scripterror
JavaScript error: resource://devtools-client-jsonview/lib/require.js, line 170: Error: Script error for: devtools/client/shared/components/reps/reps/grip
http://requirejs.org/docs/errors.html#scripterror
JavaScript error: resource://devtools-client-jsonview/lib/require.js, line 170: Error: Script error for: json-viewer
http://requirejs.org/docs/errors.html#scripterror
JavaScript error: resource://devtools-client-jsonview/lib/require.js, line 170: Error: Script error for: devtools/client/shared/vendor/react-dom
http://requirejs.org/docs/errors.html#scripterror
JavaScript error: resource://devtools-client-jsonview/lib/require.js, line 170: Error: Script error for: devtools/client/shared/react-utils
http://requirejs.org/docs/errors.html#scripterror
JavaScript error: resource://devtools-client-jsonview/lib/require.js, line 170: Error: Script error for: devtools/client/jsonview/components/MainTabbedArea
http://requirejs.org/docs/errors.html#scripterror
JavaScript error: resource://devtools-client-jsonview/lib/require.js, line 170: Error: Script error for: devtools/client/shared/components/tree/TreeView
http://requirejs.org/docs/errors.html#scripterror
JavaScript error: resource://gre/actors/ContentMetaChild.jsm, line 179: InvalidStateError: JSWindowActorChild.sendAsyncMessage: JSWindowActorChild cannot send at the moment
1644582485256	Marionette	INFO	Stopped listening on port 36229

###!!! [Parent][MessageChannel] Error: (msgtype=0x3A0078,name=PContent::Msg_DestroyBrowsingContextGroup) Closed channel: cannot send/recv


###!!! [Parent][RunMessage] Error: Channel closing: too late to send/recv, messages will be lost

Exiting due to channel error.
Exiting due to channel error.
Exiting due to channel error.
Exiting due to channel error.
Exiting due to channel error.
Exiting due to channel error.
Exiting due to channel error.
Exiting due to channel error.
Exiting due to channel error.
Exiting due to channel error.
Exiting due to channel error.
Exiting due to channel error.
Exiting due to channel error.
Exiting due to channel error.
Exiting due to channel error.
Exiting due to channel error.
Exiting due to channel error.
Exiting due to channel error.
Exiting due to channel error.
Exiting due to channel error.
Exiting due to channel error.
Exiting due to channel error.
Exiting due to channel error.
Exiting due to channel error.
Exiting due to channel error.
Exiting due to channel error.
Exiting due to channel error.
